examples/blockchain/solo/solo_single_org myLibrary/go-library/go@v0.0.0
code.google.com/log4go@v0.0.0 golang.org/x/crypto@v0.0.0-20200302210943-78000ba7a073
code.google.com/log4go@v0.0.0 golang.org/x/net@v0.0.0-20200301022130-244492dfa37a
github.com/smartystreets/goconvey@v1.6.4 github.com/jtolds/gls@v4.20.0+incompatible
google.golang.org/appengine@v1.4.0 github.com/golang/protobuf@v1.2.0
github.com/btcsuite/btcd@v0.0.0-20190109040709-5bda5314ca95 golang.org/x/crypto@v0.0.0-20170930174604-9419663f5a44
github.com/btcsuite/btcd@v0.0.0-20190109040709-5bda5314ca95 github.com/onsi/gomega@v1.4.3
github.com/btcsuite/btcd@v0.0.0-20190109040709-5bda5314ca95 github.com/onsi/ginkgo@v1.7.0
github.com/btcsuite/btcd@v0.0.0-20190109040709-5bda5314ca95 github.com/kkdai/bstream@v0.0.0-20161212061736-f391b8402d23
github.com/btcsuite/btcd@v0.0.0-20190109040709-5bda5314ca95 github.com/jrick/logrotate@v1.0.0
github.com/btcsuite/btcd@v0.0.0-20190109040709-5bda5314ca95 github.com/jessevdk/go-flags@v0.0.0-20141203071132-1679536dcc89
github.com/btcsuite/btcd@v0.0.0-20190109040709-5bda5314ca95 github.com/davecgh/go-spew@v0.0.0-20171005155431-ecdeabc65495
github.com/btcsuite/btcd@v0.0.0-20190109040709-5bda5314ca95 github.com/btcsuite/winsvc@v1.0.0
github.com/btcsuite/btcd@v0.0.0-20190109040709-5bda5314ca95 github.com/btcsuite/websocket@v0.0.0-20150119174127-31079b680792
github.com/btcsuite/btcd@v0.0.0-20190109040709-5bda5314ca95 github.com/btcsuite/snappy-go@v0.0.0-20151229074030-0bdef8d06723
github.com/btcsuite/btcd@v0.0.0-20190109040709-5bda5314ca95 github.com/btcsuite/goleveldb@v0.0.0-20160330041536-7834afc9e8cd
github.com/btcsuite/btcd@v0.0.0-20190109040709-5bda5314ca95 github.com/btcsuite/go-socks@v0.0.0-20170105172521-4720035b7bfd
github.com/btcsuite/btcd@v0.0.0-20190109040709-5bda5314ca95 github.com/btcsuite/btcutil@v0.0.0-20180706230648-ab6388e0c60a
github.com/btcsuite/btcd@v0.0.0-20190109040709-5bda5314ca95 github.com/btcsuite/btclog@v0.0.0-20170628155309-84c8d2346e9f
github.com/btcsuite/btcd@v0.0.0-20190109040709-5bda5314ca95 github.com/aead/siphash@v1.0.1
github.com/Azure/azure-storage-blob-go@v0.7.0 gopkg.in/check.v1@v1.0.0-20180628173108-788fd7840127
github.com/Azure/azure-storage-blob-go@v0.7.0 github.com/Azure/azure-pipeline-go@v0.2.1
golang.org/x/tools@v0.0.0-20190226205152-f727befe758c google.golang.org/appengine@v1.4.0
golang.org/x/tools@v0.0.0-20190226205152-f727befe758c golang.org/x/sync@v0.0.0-20181108010431-42b317875d0f
golang.org/x/tools@v0.0.0-20190226205152-f727befe758c golang.org/x/net@v0.0.0-20190213061140-3a22650c66bd
github.com/sirupsen/logrus@v1.2.0 golang.org/x/sys@v0.0.0-20180905080454-ebe1bf3edb33
github.com/sirupsen/logrus@v1.2.0 golang.org/x/crypto@v0.0.0-20180904163835-0709b304e793
github.com/sirupsen/logrus@v1.2.0 github.com/stretchr/testify@v1.2.2
github.com/sirupsen/logrus@v1.2.0 github.com/stretchr/objx@v0.1.1
github.com/sirupsen/logrus@v1.2.0 github.com/pmezard/go-difflib@v1.0.0
github.com/sirupsen/logrus@v1.2.0 github.com/konsorten/go-windows-terminal-sequences@v1.0.1
github.com/sirupsen/logrus@v1.2.0 github.com/davecgh/go-spew@v1.1.1
github.com/stretchr/testify@v1.5.1 github.com/davecgh/go-spew@v1.1.0
github.com/stretchr/testify@v1.5.1 github.com/pmezard/go-difflib@v1.0.0
github.com/stretchr/testify@v1.5.1 github.com/stretchr/objx@v0.1.0
github.com/stretchr/testify@v1.5.1 gopkg.in/yaml.v2@v2.2.2
github.com/phpdave11/gofpdi@v1.0.11 github.com/pkg/errors@v0.8.1
github.com/tealeg/xlsx@v1.0.5 github.com/kr/pretty@v0.1.0
github.com/tealeg/xlsx@v1.0.5 gopkg.in/check.v1@v1.0.0-20190902080502-41f04d3bba15
github.com/hyperledger/fabric-chaincode-go@v0.0.0-20200511190512-bcfeb58dd83a github.com/davecgh/go-spew@v1.1.1
github.com/hyperledger/fabric-chaincode-go@v0.0.0-20200511190512-bcfeb58dd83a github.com/golang/protobuf@v1.3.2
github.com/hyperledger/fabric-chaincode-go@v0.0.0-20200511190512-bcfeb58dd83a github.com/hyperledger/fabric-protos-go@v0.0.0-20190919234611-2a87503ac7c9
github.com/hyperledger/fabric-chaincode-go@v0.0.0-20200511190512-bcfeb58dd83a github.com/kr/pretty@v0.1.0
github.com/hyperledger/fabric-chaincode-go@v0.0.0-20200511190512-bcfeb58dd83a github.com/stretchr/testify@v1.4.0
github.com/hyperledger/fabric-chaincode-go@v0.0.0-20200511190512-bcfeb58dd83a golang.org/x/net@v0.0.0-20190522155817-f3200d17e092
github.com/hyperledger/fabric-chaincode-go@v0.0.0-20200511190512-bcfeb58dd83a golang.org/x/sys@v0.0.0-20190710143415-6ec70d6a5542
github.com/hyperledger/fabric-chaincode-go@v0.0.0-20200511190512-bcfeb58dd83a google.golang.org/genproto@v0.0.0-20180831171423-11092d34479b
github.com/hyperledger/fabric-chaincode-go@v0.0.0-20200511190512-bcfeb58dd83a google.golang.org/grpc@v1.23.0
github.com/hyperledger/fabric-chaincode-go@v0.0.0-20200511190512-bcfeb58dd83a gopkg.in/check.v1@v1.0.0-20180628173108-788fd7840127
google.golang.org/grpc@v1.23.0 cloud.google.com/go@v0.26.0
google.golang.org/grpc@v1.23.0 github.com/BurntSushi/toml@v0.3.1
google.golang.org/grpc@v1.23.0 github.com/client9/misspell@v0.3.4
google.golang.org/grpc@v1.23.0 github.com/golang/glog@v0.0.0-20160126235308-23def4e6c14b
google.golang.org/grpc@v1.23.0 github.com/golang/mock@v1.1.1
google.golang.org/grpc@v1.23.0 github.com/golang/protobuf@v1.2.0
google.golang.org/grpc@v1.23.0 github.com/google/go-cmp@v0.2.0
google.golang.org/grpc@v1.23.0 golang.org/x/lint@v0.0.0-20190313153728-d0100b6bd8b3
google.golang.org/grpc@v1.23.0 golang.org/x/net@v0.0.0-20190311183353-d8887717615a
google.golang.org/grpc@v1.23.0 golang.org/x/oauth2@v0.0.0-20180821212333-d2e6202438be
google.golang.org/grpc@v1.23.0 golang.org/x/sys@v0.0.0-20190215142949-d0b11bdaac8a
google.golang.org/grpc@v1.23.0 golang.org/x/tools@v0.0.0-20190524140312-2c0ae7006135
google.golang.org/grpc@v1.23.0 google.golang.org/appengine@v1.1.0
google.golang.org/grpc@v1.23.0 google.golang.org/genproto@v0.0.0-20180817151627-c66870c02cf8
google.golang.org/grpc@v1.23.0 honnef.co/go/tools@v0.0.0-20190523083050-ea95bdfd59fc
github.com/hyperledger/fabric-sdk-go@v1.0.0-beta2 github.com/Knetic/govaluate@v3.0.0+incompatible
github.com/hyperledger/fabric-sdk-go@v1.0.0-beta2 github.com/VividCortex/gohistogram@v1.0.0
github.com/hyperledger/fabric-sdk-go@v1.0.0-beta2 github.com/beorn7/perks@v0.0.0-20180321164747-3a771d992973
github.com/hyperledger/fabric-sdk-go@v1.0.0-beta2 github.com/cloudflare/cfssl@v0.0.0-20180223231731-4e2dcbde5004
github.com/hyperledger/fabric-sdk-go@v1.0.0-beta2 github.com/davecgh/go-spew@v1.1.1
github.com/hyperledger/fabric-sdk-go@v1.0.0-beta2 github.com/go-kit/kit@v0.8.0
github.com/hyperledger/fabric-sdk-go@v1.0.0-beta2 github.com/go-logfmt/logfmt@v0.4.0
github.com/hyperledger/fabric-sdk-go@v1.0.0-beta2 github.com/go-stack/stack@v1.8.0
github.com/hyperledger/fabric-sdk-go@v1.0.0-beta2 github.com/gogo/protobuf@v1.1.1
github.com/hyperledger/fabric-sdk-go@v1.0.0-beta2 github.com/golang/mock@v1.2.0
github.com/hyperledger/fabric-sdk-go@v1.0.0-beta2 github.com/golang/protobuf@v1.3.2
github.com/hyperledger/fabric-sdk-go@v1.0.0-beta2 github.com/google/certificate-transparency-go@v0.0.0-20180222191210-5ab67e519c93
github.com/hyperledger/fabric-sdk-go@v1.0.0-beta2 github.com/hashicorp/hcl@v0.0.0-20180404174102-ef8a98b0bbce
github.com/hyperledger/fabric-sdk-go@v1.0.0-beta2 github.com/hyperledger/fabric-lib-go@v1.0.0
github.com/hyperledger/fabric-sdk-go@v1.0.0-beta2 github.com/hyperledger/fabric-protos-go@v0.0.0-20191121202242-f5500d5e3e85
github.com/hyperledger/fabric-sdk-go@v1.0.0-beta2 github.com/kr/pretty@v0.1.0
github.com/hyperledger/fabric-sdk-go@v1.0.0-beta2 github.com/magiconair/properties@v1.7.6
github.com/hyperledger/fabric-sdk-go@v1.0.0-beta2 github.com/matttproud/golang_protobuf_extensions@v1.0.1
github.com/hyperledger/fabric-sdk-go@v1.0.0-beta2 github.com/miekg/pkcs11@v0.0.0-20190329070431-55f3fac3af27
github.com/hyperledger/fabric-sdk-go@v1.0.0-beta2 github.com/mitchellh/mapstructure@v0.0.0-20180220230111-00c29f56e238
github.com/hyperledger/fabric-sdk-go@v1.0.0-beta2 github.com/onsi/gomega@v1.4.2
github.com/hyperledger/fabric-sdk-go@v1.0.0-beta2 github.com/pelletier/go-toml@v1.1.0
github.com/hyperledger/fabric-sdk-go@v1.0.0-beta2 github.com/pkg/errors@v0.8.1
github.com/hyperledger/fabric-sdk-go@v1.0.0-beta2 github.com/prometheus/client_golang@v0.8.0
github.com/hyperledger/fabric-sdk-go@v1.0.0-beta2 github.com/prometheus/client_model@v0.0.0-20180712105110-5c3871d89910
github.com/hyperledger/fabric-sdk-go@v1.0.0-beta2 github.com/prometheus/common@v0.0.0-20180518154759-7600349dcfe1
github.com/hyperledger/fabric-sdk-go@v1.0.0-beta2 github.com/prometheus/procfs@v0.0.0-20180705121852-ae68e2d4c00f
github.com/hyperledger/fabric-sdk-go@v1.0.0-beta2 github.com/spf13/afero@v1.1.0
github.com/hyperledger/fabric-sdk-go@v1.0.0-beta2 github.com/spf13/cast@v1.2.0
github.com/hyperledger/fabric-sdk-go@v1.0.0-beta2 github.com/spf13/jwalterweatherman@v0.0.0-20180109140146-7c0cea34c8ec
github.com/hyperledger/fabric-sdk-go@v1.0.0-beta2 github.com/spf13/pflag@v1.0.1
github.com/hyperledger/fabric-sdk-go@v1.0.0-beta2 github.com/spf13/viper@v1.0.2
github.com/hyperledger/fabric-sdk-go@v1.0.0-beta2 github.com/stretchr/testify@v1.3.0
github.com/hyperledger/fabric-sdk-go@v1.0.0-beta2 golang.org/x/crypto@v0.0.0-20190308221718-c2843e01d9a2
github.com/hyperledger/fabric-sdk-go@v1.0.0-beta2 golang.org/x/net@v0.0.0-20190311183353-d8887717615a
github.com/hyperledger/fabric-sdk-go@v1.0.0-beta2 google.golang.org/genproto@v0.0.0-20190327125643-d831d65fe17d
github.com/hyperledger/fabric-sdk-go@v1.0.0-beta2 google.golang.org/grpc@v1.23.0
github.com/hyperledger/fabric-sdk-go@v1.0.0-beta2 gopkg.in/check.v1@v1.0.0-20180628173108-788fd7840127
github.com/hyperledger/fabric-sdk-go@v1.0.0-beta2 gopkg.in/yaml.v2@v2.2.1
github.com/hyperledger/fabric-protos-go@v0.0.0-20191121202242-f5500d5e3e85 github.com/golang/protobuf@v1.3.2
github.com/hyperledger/fabric-protos-go@v0.0.0-20191121202242-f5500d5e3e85 google.golang.org/grpc@v1.23.0
github.com/valyala/fasthttp@v1.9.0 github.com/klauspost/compress@v1.8.2
github.com/valyala/fasthttp@v1.9.0 github.com/klauspost/cpuid@v1.2.1
github.com/valyala/fasthttp@v1.9.0 github.com/valyala/bytebufferpool@v1.0.0
github.com/valyala/fasthttp@v1.9.0 github.com/valyala/tcplisten@v0.0.0-20161114210144-ceec8f93295a
github.com/valyala/fasthttp@v1.9.0 golang.org/x/net@v0.0.0-20190827160401-ba9fcec4b297
github.com/hyperledger/fabric-protos-go@v0.0.0-20190919234611-2a87503ac7c9 github.com/golang/protobuf@v1.3.2
github.com/hyperledger/fabric-protos-go@v0.0.0-20190919234611-2a87503ac7c9 google.golang.org/grpc@v1.23.0
github.com/tyler-smith/go-bip32@v0.0.0 github.com/FactomProject/basen@v0.0.0-20150613233007-fe3947df716e
github.com/tyler-smith/go-bip32@v0.0.0 github.com/FactomProject/btcutilecc@v0.0.0-20130527213604-d3a63a5752ec
github.com/tyler-smith/go-bip32@v0.0.0 github.com/davecgh/go-spew@v1.1.0
github.com/tyler-smith/go-bip32@v0.0.0 github.com/pmezard/go-difflib@v1.0.0
github.com/tyler-smith/go-bip32@v0.0.0 github.com/stretchr/testify@v1.1.5-0.20170601210322-f6abca593680
github.com/tyler-smith/go-bip32@v0.0.0 golang.org/x/crypto@v0.0.0-20200302210943-78000ba7a073
github.com/kr/pretty@v0.1.0 github.com/kr/text@v0.1.0
github.com/gin-gonic/gin@v1.6.3 github.com/gin-contrib/sse@v0.1.0
github.com/gin-gonic/gin@v1.6.3 github.com/go-playground/validator/v10@v10.2.0
github.com/gin-gonic/gin@v1.6.3 github.com/golang/protobuf@v1.3.3
github.com/gin-gonic/gin@v1.6.3 github.com/json-iterator/go@v1.1.9
github.com/gin-gonic/gin@v1.6.3 github.com/mattn/go-isatty@v0.0.12
github.com/gin-gonic/gin@v1.6.3 github.com/stretchr/testify@v1.4.0
github.com/gin-gonic/gin@v1.6.3 github.com/ugorji/go/codec@v1.1.7
github.com/gin-gonic/gin@v1.6.3 gopkg.in/yaml.v2@v2.2.8
github.com/gin-contrib/sse@v0.1.0 github.com/stretchr/testify@v1.3.0
golang.org/x/net@v0.0.0-20190311183353-d8887717615a golang.org/x/crypto@v0.0.0-20190308221718-c2843e01d9a2
golang.org/x/net@v0.0.0-20190311183353-d8887717615a golang.org/x/text@v0.3.0
golang.org/x/net@v0.0.0-20190827160401-ba9fcec4b297 golang.org/x/crypto@v0.0.0-20190308221718-c2843e01d9a2
golang.org/x/net@v0.0.0-20190827160401-ba9fcec4b297 golang.org/x/sys@v0.0.0-20190215142949-d0b11bdaac8a
golang.org/x/net@v0.0.0-20190827160401-ba9fcec4b297 golang.org/x/text@v0.3.0
gopkg.in/yaml.v2@v2.2.2 gopkg.in/check.v1@v0.0.0-20161208181325-20d25e280405
github.com/smartystreets/goconvey@v1.6.4 github.com/gopherjs/gopherjs@v0.0.0-20181017120253-0766667cb4d1
github.com/Azure/go-autorest/autorest/date@v0.2.0 github.com/Azure/go-autorest/autorest@v0.9.0
github.com/smartystreets/goconvey@v1.6.4 github.com/smartystreets/assertions@v0.0.0-20180927180507-b2de0cb4f26d
github.com/smartystreets/goconvey@v1.6.4 golang.org/x/tools@v0.0.0-20190328211700-ab21143f2384
golang.org/x/crypto@v0.0.0-20200302210943-78000ba7a073 golang.org/x/net@v0.0.0-20190404232315-eb5bcb51f2a3
golang.org/x/crypto@v0.0.0-20200302210943-78000ba7a073 golang.org/x/sys@v0.0.0-20190412213103-97732733099d
golang.org/x/net@v0.0.0-20190522155817-f3200d17e092 golang.org/x/crypto@v0.0.0-20190308221718-c2843e01d9a2
golang.org/x/net@v0.0.0-20190522155817-f3200d17e092 golang.org/x/sys@v0.0.0-20190215142949-d0b11bdaac8a
golang.org/x/net@v0.0.0-20190522155817-f3200d17e092 golang.org/x/text@v0.3.0
go.uber.org/atomic@v1.6.0 github.com/davecgh/go-spew@v1.1.1
go.uber.org/atomic@v1.6.0 github.com/stretchr/testify@v1.3.0
go.uber.org/atomic@v1.6.0 golang.org/x/lint@v0.0.0-20190930215403-16217165b5de
go.uber.org/atomic@v1.6.0 golang.org/x/tools@v0.0.0-20191029041327-9cc4af7d6b2c
golang.org/x/lint@v0.0.0-20190313153728-d0100b6bd8b3 golang.org/x/tools@v0.0.0-20190311212946-11955173bddd
github.com/hbakhtiyor/schnorr@v0.1.0 github.com/btcsuite/btcd@v0.0.0-20190109040709-5bda5314ca95
github.com/hbakhtiyor/schnorr@v0.1.0 github.com/btcsuite/btcutil@v0.0.0-20190112041146-bf1e1be93589
github.com/hbakhtiyor/schnorr@v0.1.0 github.com/btcsuite/goleveldb@v1.0.0
github.com/hbakhtiyor/schnorr@v0.1.0 github.com/davecgh/go-spew@v1.1.1
github.com/hbakhtiyor/schnorr@v0.1.0 github.com/jessevdk/go-flags@v1.4.0
github.com/hbakhtiyor/schnorr@v0.1.0 github.com/kkdai/bstream@v0.0.0-20181106074824-b3251f7901ec
github.com/hbakhtiyor/schnorr@v0.1.0 golang.org/x/crypto@v0.0.0-20190103213133-ff983b9c42bc
github.com/hbakhtiyor/schnorr@v0.1.0 golang.org/x/net@v0.0.0-20190110200230-915654e7eabc
github.com/hbakhtiyor/schnorr@v0.1.0 golang.org/x/sync@v0.0.0-20181221193216-37e7f081c4d4
github.com/hbakhtiyor/schnorr@v0.1.0 golang.org/x/sys@v0.0.0-20190109145017-48ac38b7c8cb
github.com/hbakhtiyor/schnorr@v0.1.0 gopkg.in/check.v1@v1.0.0-20180628173108-788fd7840127
github.com/hbakhtiyor/schnorr@v0.1.0 gopkg.in/yaml.v2@v2.2.2
golang.org/x/text@v0.3.2 golang.org/x/tools@v0.0.0-20180917221912-90fa682c2a6e
github.com/ethereum/go-ethereum@v1.9.11 github.com/Azure/azure-pipeline-go@v0.2.2
github.com/ethereum/go-ethereum@v1.9.11 github.com/Azure/azure-storage-blob-go@v0.7.0
github.com/ethereum/go-ethereum@v1.9.11 github.com/Azure/go-autorest/autorest/adal@v0.8.0
github.com/ethereum/go-ethereum@v1.9.11 github.com/StackExchange/wmi@v0.0.0-20180116203802-5d049714c4a6
github.com/ethereum/go-ethereum@v1.9.11 github.com/VictoriaMetrics/fastcache@v1.5.3
github.com/ethereum/go-ethereum@v1.9.11 github.com/aristanetworks/goarista@v0.0.0-20170210015632-ea17b1a17847
github.com/ethereum/go-ethereum@v1.9.11 github.com/aws/aws-sdk-go@v1.25.48
github.com/ethereum/go-ethereum@v1.9.11 github.com/btcsuite/btcd@v0.0.0-20171128150713-2e60448ffcc6
github.com/ethereum/go-ethereum@v1.9.11 github.com/cespare/cp@v0.1.0
github.com/ethereum/go-ethereum@v1.9.11 github.com/cespare/xxhash/v2@v2.1.1
github.com/ethereum/go-ethereum@v1.9.11 github.com/cloudflare/cloudflare-go@v0.10.2-0.20190916151808-a80f83b9add9
github.com/ethereum/go-ethereum@v1.9.11 github.com/davecgh/go-spew@v1.1.1
github.com/ethereum/go-ethereum@v1.9.11 github.com/deckarep/golang-set@v0.0.0-20180603214616-504e848d77ea
github.com/ethereum/go-ethereum@v1.9.11 github.com/dlclark/regexp2@v1.2.0
github.com/ethereum/go-ethereum@v1.9.11 github.com/docker/docker@v1.4.2-0.20180625184442-8e610b2b55bf
github.com/ethereum/go-ethereum@v1.9.11 github.com/dop251/goja@v0.0.0-20200106141417-aaec0e7bde29
github.com/ethereum/go-ethereum@v1.9.11 github.com/edsrzf/mmap-go@v0.0.0-20160512033002-935e0e8a636c
github.com/ethereum/go-ethereum@v1.9.11 github.com/elastic/gosigar@v0.8.1-0.20180330100440-37f05ff46ffa
github.com/ethereum/go-ethereum@v1.9.11 github.com/fatih/color@v1.3.0
github.com/ethereum/go-ethereum@v1.9.11 github.com/fjl/memsize@v0.0.0-20180418122429-ca190fb6ffbc
github.com/ethereum/go-ethereum@v1.9.11 github.com/gballet/go-libpcsclite@v0.0.0-20190607065134-2772fd86a8ff
github.com/ethereum/go-ethereum@v1.9.11 github.com/go-ole/go-ole@v1.2.1
github.com/ethereum/go-ethereum@v1.9.11 github.com/go-sourcemap/sourcemap@v2.1.2+incompatible
github.com/ethereum/go-ethereum@v1.9.11 github.com/go-stack/stack@v1.8.0
github.com/ethereum/go-ethereum@v1.9.11 github.com/golang/protobuf@v1.3.2-0.20190517061210-b285ee9cfc6c
github.com/ethereum/go-ethereum@v1.9.11 github.com/golang/snappy@v0.0.1
github.com/ethereum/go-ethereum@v1.9.11 github.com/google/go-cmp@v0.3.1
github.com/ethereum/go-ethereum@v1.9.11 github.com/gorilla/websocket@v1.4.1-0.20190629185528-ae1634f6a989
github.com/ethereum/go-ethereum@v1.9.11 github.com/graph-gophers/graphql-go@v0.0.0-20191115155744-f33e81362277
github.com/ethereum/go-ethereum@v1.9.11 github.com/hashicorp/golang-lru@v0.0.0-20160813221303-0a025b7e63ad
github.com/ethereum/go-ethereum@v1.9.11 github.com/huin/goupnp@v0.0.0-20161224104101-679507af18f3
github.com/ethereum/go-ethereum@v1.9.11 github.com/influxdata/influxdb@v1.2.3-0.20180221223340-01288bdb0883
github.com/ethereum/go-ethereum@v1.9.11 github.com/jackpal/go-nat-pmp@v1.0.2-0.20160603034137-1fa385a6f458
github.com/ethereum/go-ethereum@v1.9.11 github.com/julienschmidt/httprouter@v1.1.1-0.20170430222011-975b5c4c7c21
github.com/ethereum/go-ethereum@v1.9.11 github.com/karalabe/usb@v0.0.0-20190919080040-51dc0efba356
github.com/ethereum/go-ethereum@v1.9.11 github.com/kr/pretty@v0.1.0
github.com/ethereum/go-ethereum@v1.9.11 github.com/kylelemons/godebug@v1.1.0
github.com/ethereum/go-ethereum@v1.9.11 github.com/mattn/go-colorable@v0.1.0
github.com/ethereum/go-ethereum@v1.9.11 github.com/mattn/go-isatty@v0.0.5-0.20180830101745-3fb116b82035
github.com/ethereum/go-ethereum@v1.9.11 github.com/naoina/go-stringutil@v0.1.0
github.com/ethereum/go-ethereum@v1.9.11 github.com/naoina/toml@v0.1.2-0.20170918210437-9fafd6967416
github.com/ethereum/go-ethereum@v1.9.11 github.com/olekukonko/tablewriter@v0.0.2-0.20190409134802-7e037d187b0c
github.com/ethereum/go-ethereum@v1.9.11 github.com/pborman/uuid@v0.0.0-20170112150404-1b00554d8222
github.com/ethereum/go-ethereum@v1.9.11 github.com/peterh/liner@v1.1.1-0.20190123174540-a2c9a5303de7
github.com/ethereum/go-ethereum@v1.9.11 github.com/prometheus/tsdb@v0.6.2-0.20190402121629-4f204dcbc150
github.com/ethereum/go-ethereum@v1.9.11 github.com/rjeczalik/notify@v0.9.1
github.com/ethereum/go-ethereum@v1.9.11 github.com/rs/cors@v0.0.0-20160617231935-a62a804a8a00
github.com/ethereum/go-ethereum@v1.9.11 github.com/rs/xhandler@v0.0.0-20160618193221-ed27b6fd6521
github.com/ethereum/go-ethereum@v1.9.11 github.com/status-im/keycard-go@v0.0.0-20190316090335-8537d3370df4
github.com/ethereum/go-ethereum@v1.9.11 github.com/steakknife/bloomfilter@v0.0.0-20180922174646-6819c0d2a570
github.com/ethereum/go-ethereum@v1.9.11 github.com/steakknife/hamming@v0.0.0-20180906055917-c99c65617cd3
github.com/ethereum/go-ethereum@v1.9.11 github.com/stretchr/testify@v1.4.0
github.com/ethereum/go-ethereum@v1.9.11 github.com/syndtr/goleveldb@v1.0.1-0.20190923125748-758128399b1d
github.com/ethereum/go-ethereum@v1.9.11 github.com/tyler-smith/go-bip39@v1.0.1-0.20181017060643-dbb3b84ba2ef
github.com/ethereum/go-ethereum@v1.9.11 github.com/wsddn/go-ecdh@v0.0.0-20161211032359-48726bab9208
github.com/ethereum/go-ethereum@v1.9.11 golang.org/x/crypto@v0.0.0-20190308221718-c2843e01d9a2
github.com/ethereum/go-ethereum@v1.9.11 golang.org/x/net@v0.0.0-20190628185345-da137c7871d7
github.com/ethereum/go-ethereum@v1.9.11 golang.org/x/sync@v0.0.0-20181108010431-42b317875d0f
github.com/ethereum/go-ethereum@v1.9.11 golang.org/x/sys@v0.0.0-20190712062909-fae7ac547cb7
github.com/ethereum/go-ethereum@v1.9.11 golang.org/x/text@v0.3.2
github.com/ethereum/go-ethereum@v1.9.11 golang.org/x/time@v0.0.0-20190308202827-9d24e82272b4
github.com/ethereum/go-ethereum@v1.9.11 gopkg.in/natefinch/npipe.v2@v2.0.0-20160621034901-c1b8fa8bdcce
github.com/ethereum/go-ethereum@v1.9.11 gopkg.in/olebedev/go-duktape.v3@v3.0.0-20190213234257-ec84240a7772
github.com/ethereum/go-ethereum@v1.9.11 gopkg.in/sourcemap.v1@v1.0.5
github.com/ethereum/go-ethereum@v1.9.11 gopkg.in/urfave/cli.v1@v1.20.0
github.com/ethereum/go-ethereum@v1.9.11 gotest.tools@v2.2.0+incompatible
github.com/astaxie/beego@v1.12.1 github.com/Knetic/govaluate@v3.0.0+incompatible
github.com/astaxie/beego@v1.12.1 github.com/OwnLocal/goes@v1.0.0
github.com/astaxie/beego@v1.12.1 github.com/beego/goyaml2@v0.0.0-20130207012346-5545475820dd
github.com/astaxie/beego@v1.12.1 github.com/beego/x2j@v0.0.0-20131220205130-a0352aadc542
github.com/astaxie/beego@v1.12.1 github.com/bradfitz/gomemcache@v0.0.0-20180710155616-bc664df96737
github.com/astaxie/beego@v1.12.1 github.com/casbin/casbin@v1.7.0
github.com/astaxie/beego@v1.12.1 github.com/cloudflare/golz4@v0.0.0-20150217214814-ef862a3cdc58
github.com/astaxie/beego@v1.12.1 github.com/couchbase/go-couchbase@v0.0.0-20181122212707-3e9b6e1258bb
github.com/astaxie/beego@v1.12.1 github.com/couchbase/gomemcached@v0.0.0-20181122193126-5125a94a666c
github.com/astaxie/beego@v1.12.1 github.com/couchbase/goutils@v0.0.0-20180530154633-e865a1461c8a
github.com/astaxie/beego@v1.12.1 github.com/cupcake/rdb@v0.0.0-20161107195141-43ba34106c76
github.com/astaxie/beego@v1.12.1 github.com/edsrzf/mmap-go@v0.0.0-20170320065105-0bce6a688712
github.com/astaxie/beego@v1.12.1 github.com/elazarl/go-bindata-assetfs@v1.0.0
github.com/astaxie/beego@v1.12.1 github.com/go-redis/redis@v6.14.2+incompatible
github.com/astaxie/beego@v1.12.1 github.com/go-sql-driver/mysql@v1.4.1
github.com/astaxie/beego@v1.12.1 github.com/gogo/protobuf@v1.1.1
github.com/astaxie/beego@v1.12.1 github.com/golang/snappy@v0.0.0-20180518054509-2e65f85255db
github.com/astaxie/beego@v1.12.1 github.com/gomodule/redigo@v2.0.0+incompatible
github.com/astaxie/beego@v1.12.1 github.com/lib/pq@v1.0.0
github.com/astaxie/beego@v1.12.1 github.com/mattn/go-sqlite3@v1.10.0
github.com/astaxie/beego@v1.12.1 github.com/pelletier/go-toml@v1.2.0
github.com/astaxie/beego@v1.12.1 github.com/pkg/errors@v0.8.0
github.com/astaxie/beego@v1.12.1 github.com/siddontang/go@v0.0.0-20180604090527-bdc77568d726
github.com/astaxie/beego@v1.12.1 github.com/siddontang/ledisdb@v0.0.0-20181029004158-becf5f38d373
github.com/astaxie/beego@v1.12.1 github.com/siddontang/rdb@v0.0.0-20150307021120-fc89ed2e418d
github.com/astaxie/beego@v1.12.1 github.com/ssdb/gossdb@v0.0.0-20180723034631-88f6b59b84ec
github.com/astaxie/beego@v1.12.1 github.com/syndtr/goleveldb@v0.0.0-20181127023241-353a9fca669c
github.com/astaxie/beego@v1.12.1 github.com/wendal/errors@v0.0.0-20130201093226-f66c77a7882b
github.com/astaxie/beego@v1.12.1 golang.org/x/crypto@v0.0.0-20191011191535-87dc89f01550
github.com/astaxie/beego@v1.12.1 golang.org/x/tools@v0.0.0-20200117065230-39095c1d176c
github.com/astaxie/beego@v1.12.1 gopkg.in/yaml.v2@v2.2.1
github.com/VictoriaMetrics/fastcache@v1.5.3 github.com/OneOfOne/xxhash@v1.2.5
github.com/VictoriaMetrics/fastcache@v1.5.3 github.com/allegro/bigcache@v1.2.1-0.20190218064605-e24eb225f156
github.com/VictoriaMetrics/fastcache@v1.5.3 github.com/cespare/xxhash/v2@v2.0.1-0.20190104013014-3767db7a7e18
github.com/VictoriaMetrics/fastcache@v1.5.3 github.com/davecgh/go-spew@v1.1.1
github.com/VictoriaMetrics/fastcache@v1.5.3 github.com/golang/snappy@v0.0.1
github.com/VictoriaMetrics/fastcache@v1.5.3 github.com/spaolacci/murmur3@v1.0.1-0.20190317074736-539464a789e9
github.com/VictoriaMetrics/fastcache@v1.5.3 github.com/stretchr/testify@v1.3.0
golang.org/x/tools@v0.0.0-20191029041327-9cc4af7d6b2c golang.org/x/net@v0.0.0-20190620200207-3b0461eec859
golang.org/x/tools@v0.0.0-20191029041327-9cc4af7d6b2c golang.org/x/sync@v0.0.0-20190423024810-112230192c58
golang.org/x/tools@v0.0.0-20191029041327-9cc4af7d6b2c golang.org/x/xerrors@v0.0.0-20190717185122-a985d3407aa7
github.com/peterh/liner@v1.1.1-0.20190123174540-a2c9a5303de7 github.com/mattn/go-runewidth@v0.0.3
github.com/prometheus/common@v0.9.1 github.com/alecthomas/template@v0.0.0-20190718012654-fb15b899a751
github.com/ugorji/go@v1.1.7 github.com/ugorji/go/codec@v1.1.7
github.com/prometheus/common@v0.9.1 github.com/go-kit/kit@v0.9.0
github.com/prometheus/common@v0.9.1 github.com/go-logfmt/logfmt@v0.4.0
github.com/prometheus/common@v0.9.1 github.com/golang/protobuf@v1.3.2
github.com/prometheus/common@v0.9.1 github.com/julienschmidt/httprouter@v1.2.0
github.com/prometheus/common@v0.9.1 github.com/matttproud/golang_protobuf_extensions@v1.0.1
github.com/prometheus/common@v0.9.1 github.com/mwitkow/go-conntrack@v0.0.0-20161129095857-cc309e4a2223
github.com/prometheus/common@v0.9.1 github.com/pkg/errors@v0.8.1
github.com/prometheus/common@v0.9.1 github.com/prometheus/client_golang@v1.0.0
github.com/prometheus/common@v0.9.1 github.com/prometheus/client_model@v0.2.0
github.com/prometheus/common@v0.9.1 github.com/sirupsen/logrus@v1.4.2
github.com/prometheus/common@v0.9.1 golang.org/x/net@v0.0.0-20190613194153-d28f0bde5980
github.com/prometheus/common@v0.9.1 golang.org/x/sys@v0.0.0-20190422165155-953cdadca894
github.com/prometheus/common@v0.9.1 gopkg.in/alecthomas/kingpin.v2@v2.2.6
github.com/prometheus/common@v0.9.1 gopkg.in/yaml.v2@v2.2.4
golang.org/x/net@v0.0.0-20190628185345-da137c7871d7 golang.org/x/crypto@v0.0.0-20190308221718-c2843e01d9a2
golang.org/x/net@v0.0.0-20190628185345-da137c7871d7 golang.org/x/sys@v0.0.0-20190215142949-d0b11bdaac8a
golang.org/x/net@v0.0.0-20190628185345-da137c7871d7 golang.org/x/text@v0.3.0
github.com/mattn/go-isatty@v0.0.12 golang.org/x/sys@v0.0.0-20200116001909-b77594299b42
github.com/go-logfmt/logfmt@v0.4.0 github.com/kr/logfmt@v0.0.0-20140226030751-b84e30acd515
golang.org/x/crypto@v0.0.0-20191011191535-87dc89f01550 golang.org/x/net@v0.0.0-20190404232315-eb5bcb51f2a3
golang.org/x/crypto@v0.0.0-20191011191535-87dc89f01550 golang.org/x/sys@v0.0.0-20190412213103-97732733099d
golang.org/x/tools@v0.0.0-20190524140312-2c0ae7006135 golang.org/x/net@v0.0.0-20190311183353-d8887717615a
golang.org/x/tools@v0.0.0-20190524140312-2c0ae7006135 golang.org/x/sync@v0.0.0-20190423024810-112230192c58
github.com/hyperledger/fabric-protos-go@v0.0.0-20200506201313-25f6564b9ac4 github.com/golang/protobuf@v1.3.2
github.com/hyperledger/fabric-protos-go@v0.0.0-20200506201313-25f6564b9ac4 google.golang.org/grpc@v1.23.0
golang.org/x/crypto@v0.0.0-20190308221718-c2843e01d9a2 golang.org/x/sys@v0.0.0-20190215142949-d0b11bdaac8a
gopkg.in/yaml.v2@v2.2.8 gopkg.in/check.v1@v0.0.0-20161208181325-20d25e280405
github.com/prometheus/client_golang@v1.0.0 github.com/beorn7/perks@v1.0.0
github.com/prometheus/client_golang@v1.0.0 github.com/golang/protobuf@v1.3.1
github.com/prometheus/client_golang@v1.0.0 github.com/json-iterator/go@v1.1.6
github.com/prometheus/client_golang@v1.0.0 github.com/modern-go/concurrent@v0.0.0-20180306012644-bacd9c7ef1dd
github.com/prometheus/client_golang@v1.0.0 github.com/modern-go/reflect2@v1.0.1
github.com/prometheus/client_golang@v1.0.0 github.com/prometheus/client_model@v0.0.0-20190129233127-fd36f4220a90
github.com/prometheus/client_golang@v1.0.0 github.com/prometheus/common@v0.4.1
github.com/prometheus/client_golang@v1.0.0 github.com/prometheus/procfs@v0.0.2
github.com/prometheus/client_golang@v1.0.0 github.com/stretchr/testify@v1.3.0
github.com/prometheus/client_golang@v1.0.0 golang.org/x/sys@v0.0.0-20181116152217-5ac8a444bdc5
golang.org/x/net@v0.0.0-20190613194153-d28f0bde5980 golang.org/x/crypto@v0.0.0-20190308221718-c2843e01d9a2
golang.org/x/net@v0.0.0-20190613194153-d28f0bde5980 golang.org/x/sys@v0.0.0-20190215142949-d0b11bdaac8a
golang.org/x/net@v0.0.0-20190613194153-d28f0bde5980 golang.org/x/text@v0.3.0
github.com/Azure/azure-pipeline-go@v0.2.2 github.com/mattn/go-ieproxy@v0.0.0-20190702010315-6dee0af9227d
github.com/prometheus/procfs@v0.0.2 golang.org/x/sync@v0.0.0-20181221193216-37e7f081c4d4
gopkg.in/yaml.v2@v2.2.4 gopkg.in/check.v1@v0.0.0-20161208181325-20d25e280405
golang.org/x/tools@v0.0.0-20190328211700-ab21143f2384 golang.org/x/net@v0.0.0-20190311183353-d8887717615a
github.com/prometheus/tsdb@v0.6.2-0.20190402121629-4f204dcbc150 github.com/alecthomas/template@v0.0.0-20160405071501-a0175ee3bccc
github.com/prometheus/tsdb@v0.6.2-0.20190402121629-4f204dcbc150 github.com/alecthomas/units@v0.0.0-20151022065526-2efee857e7cf
github.com/prometheus/tsdb@v0.6.2-0.20190402121629-4f204dcbc150 github.com/beorn7/perks@v0.0.0-20180321164747-3a771d992973
github.com/prometheus/tsdb@v0.6.2-0.20190402121629-4f204dcbc150 github.com/cespare/xxhash@v1.1.0
github.com/prometheus/tsdb@v0.6.2-0.20190402121629-4f204dcbc150 github.com/davecgh/go-spew@v1.1.1
github.com/prometheus/tsdb@v0.6.2-0.20190402121629-4f204dcbc150 github.com/dgryski/go-sip13@v0.0.0-20181026042036-e10d5fee7954
github.com/prometheus/tsdb@v0.6.2-0.20190402121629-4f204dcbc150 github.com/go-kit/kit@v0.8.0
github.com/prometheus/tsdb@v0.6.2-0.20190402121629-4f204dcbc150 github.com/go-logfmt/logfmt@v0.3.0
github.com/prometheus/tsdb@v0.6.2-0.20190402121629-4f204dcbc150 github.com/go-stack/stack@v1.8.0
github.com/prometheus/tsdb@v0.6.2-0.20190402121629-4f204dcbc150 github.com/gogo/protobuf@v1.1.1
github.com/prometheus/tsdb@v0.6.2-0.20190402121629-4f204dcbc150 github.com/golang/protobuf@v1.2.0
github.com/prometheus/tsdb@v0.6.2-0.20190402121629-4f204dcbc150 github.com/kr/logfmt@v0.0.0-20140226030751-b84e30acd515
github.com/prometheus/tsdb@v0.6.2-0.20190402121629-4f204dcbc150 github.com/matttproud/golang_protobuf_extensions@v1.0.1
github.com/prometheus/tsdb@v0.6.2-0.20190402121629-4f204dcbc150 github.com/oklog/ulid@v1.3.1
github.com/prometheus/tsdb@v0.6.2-0.20190402121629-4f204dcbc150 github.com/pkg/errors@v0.8.0
github.com/prometheus/tsdb@v0.6.2-0.20190402121629-4f204dcbc150 github.com/pmezard/go-difflib@v1.0.0
github.com/prometheus/tsdb@v0.6.2-0.20190402121629-4f204dcbc150 github.com/prometheus/client_golang@v0.9.1
github.com/prometheus/tsdb@v0.6.2-0.20190402121629-4f204dcbc150 github.com/prometheus/client_model@v0.0.0-20180712105110-5c3871d89910
github.com/prometheus/tsdb@v0.6.2-0.20190402121629-4f204dcbc150 github.com/prometheus/common@v0.0.0-20181113130724-41aa239b4cce
github.com/prometheus/tsdb@v0.6.2-0.20190402121629-4f204dcbc150 github.com/prometheus/procfs@v0.0.0-20181005140218-185b4288413d
github.com/prometheus/tsdb@v0.6.2-0.20190402121629-4f204dcbc150 github.com/stretchr/testify@v1.2.2
github.com/prometheus/tsdb@v0.6.2-0.20190402121629-4f204dcbc150 golang.org/x/sync@v0.0.0-20181108010431-42b317875d0f
github.com/prometheus/tsdb@v0.6.2-0.20190402121629-4f204dcbc150 golang.org/x/sys@v0.0.0-20181107165924-66b7b1311ac8
github.com/prometheus/tsdb@v0.6.2-0.20190402121629-4f204dcbc150 gopkg.in/alecthomas/kingpin.v2@v2.2.6
github.com/onsi/gomega@v1.4.2 github.com/fsnotify/fsnotify@v1.4.7
github.com/onsi/gomega@v1.4.2 github.com/golang/protobuf@v1.2.0
github.com/onsi/gomega@v1.4.2 github.com/hpcloud/tail@v1.0.0
github.com/onsi/gomega@v1.4.2 github.com/onsi/ginkgo@v1.6.0
github.com/onsi/gomega@v1.4.2 golang.org/x/net@v0.0.0-20180906233101-161cd47e91fd
github.com/onsi/gomega@v1.4.2 golang.org/x/sync@v0.0.0-20180314180146-1d60e4601c6f
github.com/onsi/gomega@v1.4.2 golang.org/x/sys@v0.0.0-20180909124046-d0be0721c37e
github.com/onsi/gomega@v1.4.2 golang.org/x/text@v0.3.0
github.com/onsi/gomega@v1.4.2 gopkg.in/fsnotify.v1@v1.4.7
github.com/onsi/gomega@v1.4.2 gopkg.in/tomb.v1@v1.0.0-20141024135613-dd632973f1e7
github.com/onsi/gomega@v1.4.2 gopkg.in/yaml.v2@v2.2.1
github.com/cespare/xxhash/v2@v2.0.1-0.20190104013014-3767db7a7e18 github.com/OneOfOne/xxhash@v1.2.2
github.com/cespare/xxhash/v2@v2.0.1-0.20190104013014-3767db7a7e18 github.com/cespare/xxhash@v1.1.0
github.com/cespare/xxhash/v2@v2.0.1-0.20190104013014-3767db7a7e18 github.com/spaolacci/murmur3@v0.0.0-20180118202830-f09979ecbc72
github.com/cloudflare/cloudflare-go@v0.10.2-0.20190916151808-a80f83b9add9 github.com/davecgh/go-spew@v1.1.1
github.com/cloudflare/cloudflare-go@v0.10.2-0.20190916151808-a80f83b9add9 github.com/mattn/go-runewidth@v0.0.4
github.com/cloudflare/cloudflare-go@v0.10.2-0.20190916151808-a80f83b9add9 github.com/olekukonko/tablewriter@v0.0.1
github.com/cloudflare/cloudflare-go@v0.10.2-0.20190916151808-a80f83b9add9 github.com/pkg/errors@v0.8.1
github.com/cloudflare/cloudflare-go@v0.10.2-0.20190916151808-a80f83b9add9 github.com/stretchr/testify@v1.4.0
github.com/cloudflare/cloudflare-go@v0.10.2-0.20190916151808-a80f83b9add9 github.com/urfave/cli@v1.22.1
github.com/cloudflare/cloudflare-go@v0.10.2-0.20190916151808-a80f83b9add9 golang.org/x/time@v0.0.0-20190308202827-9d24e82272b4
github.com/btcsuite/goleveldb@v1.0.0 github.com/btcsuite/snappy-go@v1.0.0
github.com/btcsuite/goleveldb@v1.0.0 github.com/onsi/ginkgo@v1.6.0
github.com/btcsuite/goleveldb@v1.0.0 github.com/onsi/gomega@v1.4.1
github.com/btcsuite/goleveldb@v1.0.0 golang.org/x/net@v0.0.0-20180719180050-a680a1efc54d
github.com/btcsuite/goleveldb@v1.0.0 golang.org/x/text@v0.3.0
github.com/btcsuite/goleveldb@v1.0.0 gopkg.in/yaml.v2@v2.2.1
github.com/go-playground/validator/v10@v10.2.0 github.com/go-playground/assert/v2@v2.0.1
github.com/go-playground/validator/v10@v10.2.0 github.com/go-playground/locales@v0.13.0
github.com/go-playground/validator/v10@v10.2.0 github.com/go-playground/universal-translator@v0.17.0
github.com/go-playground/validator/v10@v10.2.0 github.com/leodido/go-urn@v1.2.0
golang.org/x/net@v0.0.0-20190404232315-eb5bcb51f2a3 golang.org/x/crypto@v0.0.0-20190308221718-c2843e01d9a2
golang.org/x/net@v0.0.0-20190404232315-eb5bcb51f2a3 golang.org/x/text@v0.3.0
github.com/signintech/gopdf@v0.9.7 github.com/phpdave11/gofpdi@v1.0.8
github.com/phpdave11/gofpdi@v1.0.8 github.com/pkg/errors@v0.8.1
google.golang.org/appengine@v1.4.0 golang.org/x/net@v0.0.0-20180724234803-3673e40ba225
google.golang.org/appengine@v1.4.0 golang.org/x/text@v0.3.0
github.com/aws/aws-sdk-go@v1.25.48 github.com/jmespath/go-jmespath@v0.0.0-20180206201540-c2b33e8439af
github.com/stretchr/testify@v1.4.0 github.com/davecgh/go-spew@v1.1.0
github.com/stretchr/testify@v1.4.0 github.com/pmezard/go-difflib@v1.0.0
github.com/stretchr/testify@v1.4.0 github.com/stretchr/objx@v0.1.0
github.com/stretchr/testify@v1.4.0 gopkg.in/yaml.v2@v2.2.2
github.com/syndtr/goleveldb@v1.0.1-0.20190923125748-758128399b1d github.com/golang/snappy@v0.0.1
github.com/syndtr/goleveldb@v1.0.1-0.20190923125748-758128399b1d github.com/onsi/ginkgo@v1.7.0
github.com/syndtr/goleveldb@v1.0.1-0.20190923125748-758128399b1d github.com/onsi/gomega@v1.4.3
golang.org/x/net@v0.0.0-20200301022130-244492dfa37a golang.org/x/crypto@v0.0.0-20190308221718-c2843e01d9a2
golang.org/x/net@v0.0.0-20200301022130-244492dfa37a golang.org/x/sys@v0.0.0-20190215142949-d0b11bdaac8a
golang.org/x/net@v0.0.0-20200301022130-244492dfa37a golang.org/x/text@v0.3.0
github.com/urfave/cli@v1.22.1 github.com/BurntSushi/toml@v0.3.1
github.com/urfave/cli@v1.22.1 github.com/cpuguy83/go-md2man/v2@v2.0.0-20190314233015-f79a8a8ca69d
github.com/urfave/cli@v1.22.1 gopkg.in/yaml.v2@v2.2.2
golang.org/x/tools@v0.0.0-20200117065230-39095c1d176c golang.org/x/mod@v0.1.1-0.20191105210325-c90efee705ee
golang.org/x/tools@v0.0.0-20200117065230-39095c1d176c golang.org/x/net@v0.0.0-20190620200207-3b0461eec859
golang.org/x/tools@v0.0.0-20200117065230-39095c1d176c golang.org/x/sync@v0.0.0-20190423024810-112230192c58
golang.org/x/tools@v0.0.0-20200117065230-39095c1d176c golang.org/x/xerrors@v0.0.0-20191011141410-1b5146add898
gopkg.in/yaml.v2@v2.2.1 gopkg.in/check.v1@v0.0.0-20161208181325-20d25e280405
golang.org/x/mod@v0.1.1-0.20191105210325-c90efee705ee golang.org/x/crypto@v0.0.0-20191011191535-87dc89f01550
golang.org/x/mod@v0.1.1-0.20191105210325-c90efee705ee golang.org/x/xerrors@v0.0.0-20191011141410-1b5146add898
golang.org/x/net@v0.0.0-20190620200207-3b0461eec859 golang.org/x/crypto@v0.0.0-20190308221718-c2843e01d9a2
golang.org/x/net@v0.0.0-20190620200207-3b0461eec859 golang.org/x/sys@v0.0.0-20190215142949-d0b11bdaac8a
golang.org/x/net@v0.0.0-20190620200207-3b0461eec859 golang.org/x/text@v0.3.0
golang.org/x/lint@v0.0.0-20190930215403-16217165b5de golang.org/x/tools@v0.0.0-20190311212946-11955173bddd
github.com/Azure/go-autorest/autorest/adal@v0.8.0 github.com/Azure/go-autorest/autorest@v0.9.0
github.com/Azure/go-autorest/autorest/adal@v0.8.0 github.com/Azure/go-autorest/autorest/date@v0.2.0
github.com/Azure/go-autorest/autorest/adal@v0.8.0 github.com/Azure/go-autorest/autorest/mocks@v0.3.0
github.com/Azure/go-autorest/autorest/adal@v0.8.0 github.com/Azure/go-autorest/tracing@v0.5.0
github.com/Azure/go-autorest/autorest/adal@v0.8.0 github.com/dgrijalva/jwt-go@v3.2.0+incompatible
github.com/Azure/go-autorest/autorest/adal@v0.8.0 golang.org/x/crypto@v0.0.0-20190308221718-c2843e01d9a2
github.com/ugorji/go/codec@v1.1.7 github.com/ugorji/go@v1.1.7
github.com/onsi/gomega@v1.4.3 github.com/fsnotify/fsnotify@v1.4.7
github.com/onsi/gomega@v1.4.3 github.com/golang/protobuf@v1.2.0
github.com/onsi/gomega@v1.4.3 github.com/hpcloud/tail@v1.0.0
github.com/onsi/gomega@v1.4.3 github.com/onsi/ginkgo@v1.6.0
github.com/onsi/gomega@v1.4.3 golang.org/x/net@v0.0.0-20180906233101-161cd47e91fd
github.com/onsi/gomega@v1.4.3 golang.org/x/sync@v0.0.0-20180314180146-1d60e4601c6f
github.com/onsi/gomega@v1.4.3 golang.org/x/sys@v0.0.0-20180909124046-d0be0721c37e
github.com/onsi/gomega@v1.4.3 golang.org/x/text@v0.3.0
github.com/onsi/gomega@v1.4.3 gopkg.in/fsnotify.v1@v1.4.7
github.com/onsi/gomega@v1.4.3 gopkg.in/tomb.v1@v1.0.0-20141024135613-dd632973f1e7
github.com/onsi/gomega@v1.4.3 gopkg.in/yaml.v2@v2.2.1
github.com/json-iterator/go@v1.1.9 github.com/davecgh/go-spew@v1.1.1
github.com/json-iterator/go@v1.1.9 github.com/google/gofuzz@v1.0.0
github.com/json-iterator/go@v1.1.9 github.com/modern-go/concurrent@v0.0.0-20180228061459-e0a39a4cb421
github.com/json-iterator/go@v1.1.9 github.com/modern-go/reflect2@v0.0.0-20180701023420-4b7aa43c6742
github.com/json-iterator/go@v1.1.9 github.com/stretchr/testify@v1.3.0
github.com/Azure/go-autorest/autorest/mocks@v0.3.0 github.com/Azure/go-autorest/autorest@v0.9.0
github.com/sirupsen/logrus@v1.4.2 github.com/davecgh/go-spew@v1.1.1
github.com/sirupsen/logrus@v1.4.2 github.com/konsorten/go-windows-terminal-sequences@v1.0.1
github.com/sirupsen/logrus@v1.4.2 github.com/pmezard/go-difflib@v1.0.0
github.com/sirupsen/logrus@v1.4.2 github.com/stretchr/objx@v0.1.1
github.com/sirupsen/logrus@v1.4.2 github.com/stretchr/testify@v1.2.2
github.com/sirupsen/logrus@v1.4.2 golang.org/x/sys@v0.0.0-20190422165155-953cdadca894
google.golang.org/genproto@v0.0.0-20190327125643-d831d65fe17d github.com/golang/protobuf@v1.2.0
google.golang.org/genproto@v0.0.0-20190327125643-d831d65fe17d golang.org/x/exp@v0.0.0-20190121172915-509febef88a4
google.golang.org/genproto@v0.0.0-20190327125643-d831d65fe17d golang.org/x/lint@v0.0.0-20190227174305-5b3e6a55c961
google.golang.org/genproto@v0.0.0-20190327125643-d831d65fe17d golang.org/x/net@v0.0.0-20190213061140-3a22650c66bd
google.golang.org/genproto@v0.0.0-20190327125643-d831d65fe17d golang.org/x/sync@v0.0.0-20190227155943-e225da77a7e6
google.golang.org/genproto@v0.0.0-20190327125643-d831d65fe17d golang.org/x/tools@v0.0.0-20190226205152-f727befe758c
google.golang.org/genproto@v0.0.0-20190327125643-d831d65fe17d google.golang.org/grpc@v1.19.0
google.golang.org/genproto@v0.0.0-20190327125643-d831d65fe17d honnef.co/go/tools@v0.0.0-20190102054323-c2f93a96b099
google.golang.org/grpc@v1.19.0 cloud.google.com/go@v0.26.0
google.golang.org/grpc@v1.19.0 github.com/BurntSushi/toml@v0.3.1
google.golang.org/grpc@v1.19.0 github.com/client9/misspell@v0.3.4
google.golang.org/grpc@v1.19.0 github.com/golang/glog@v0.0.0-20160126235308-23def4e6c14b
google.golang.org/grpc@v1.19.0 github.com/golang/mock@v1.1.1
google.golang.org/grpc@v1.19.0 github.com/golang/protobuf@v1.2.0
google.golang.org/grpc@v1.19.0 golang.org/x/lint@v0.0.0-20181026193005-c67002cb31c3
google.golang.org/grpc@v1.19.0 golang.org/x/net@v0.0.0-20180826012351-8a410e7b638d
google.golang.org/grpc@v1.19.0 golang.org/x/oauth2@v0.0.0-20180821212333-d2e6202438be
google.golang.org/grpc@v1.19.0 golang.org/x/sync@v0.0.0-20180314180146-1d60e4601c6f
google.golang.org/grpc@v1.19.0 golang.org/x/sys@v0.0.0-20180830151530-49385e6e1522
google.golang.org/grpc@v1.19.0 golang.org/x/text@v0.3.0
google.golang.org/grpc@v1.19.0 golang.org/x/tools@v0.0.0-20190114222345-bf090417da8b
google.golang.org/grpc@v1.19.0 google.golang.org/appengine@v1.1.0
google.golang.org/grpc@v1.19.0 google.golang.org/genproto@v0.0.0-20180817151627-c66870c02cf8
google.golang.org/grpc@v1.19.0 honnef.co/go/tools@v0.0.0-20190102054323-c2f93a96b099
github.com/go-playground/locales@v0.13.0 golang.org/x/text@v0.3.2
golang.org/x/lint@v0.0.0-20190227174305-5b3e6a55c961 golang.org/x/tools@v0.0.0-20190226205152-f727befe758c
github.com/prometheus/common@v0.4.1 github.com/alecthomas/template@v0.0.0-20160405071501-a0175ee3bccc
github.com/prometheus/common@v0.4.1 github.com/alecthomas/units@v0.0.0-20151022065526-2efee857e7cf
github.com/prometheus/common@v0.4.1 github.com/beorn7/perks@v0.0.0-20180321164747-3a771d992973
github.com/prometheus/common@v0.4.1 github.com/go-kit/kit@v0.8.0
github.com/prometheus/common@v0.4.1 github.com/go-logfmt/logfmt@v0.3.0
github.com/prometheus/common@v0.4.1 github.com/go-stack/stack@v1.8.0
github.com/prometheus/common@v0.4.1 github.com/gogo/protobuf@v1.1.1
github.com/prometheus/common@v0.4.1 github.com/golang/protobuf@v1.2.0
github.com/prometheus/common@v0.4.1 github.com/julienschmidt/httprouter@v1.2.0
github.com/prometheus/common@v0.4.1 github.com/kr/logfmt@v0.0.0-20140226030751-b84e30acd515
github.com/prometheus/common@v0.4.1 github.com/matttproud/golang_protobuf_extensions@v1.0.1
github.com/prometheus/common@v0.4.1 github.com/mwitkow/go-conntrack@v0.0.0-20161129095857-cc309e4a2223
github.com/prometheus/common@v0.4.1 github.com/pkg/errors@v0.8.0
github.com/prometheus/common@v0.4.1 github.com/prometheus/client_golang@v0.9.1
github.com/prometheus/common@v0.4.1 github.com/prometheus/client_model@v0.0.0-20180712105110-5c3871d89910
github.com/prometheus/common@v0.4.1 github.com/prometheus/procfs@v0.0.0-20181005140218-185b4288413d
github.com/prometheus/common@v0.4.1 github.com/sirupsen/logrus@v1.2.0
github.com/prometheus/common@v0.4.1 golang.org/x/net@v0.0.0-20181114220301-adae6a3d119a
github.com/prometheus/common@v0.4.1 golang.org/x/sync@v0.0.0-20181108010431-42b317875d0f
github.com/prometheus/common@v0.4.1 golang.org/x/sys@v0.0.0-20181116152217-5ac8a444bdc5
github.com/prometheus/common@v0.4.1 gopkg.in/alecthomas/kingpin.v2@v2.2.6
github.com/prometheus/common@v0.4.1 gopkg.in/yaml.v2@v2.2.1
github.com/graph-gophers/graphql-go@v0.0.0-20191115155744-f33e81362277 github.com/opentracing/opentracing-go@v1.1.0
github.com/go-playground/universal-translator@v0.17.0 github.com/go-playground/locales@v0.13.0
github.com/kr/text@v0.1.0 github.com/kr/pty@v1.1.1
golang.org/x/tools@v0.0.0-20190311212946-11955173bddd golang.org/x/net@v0.0.0-20190311183353-d8887717615a
github.com/prometheus/client_model@v0.0.0-20190129233127-fd36f4220a90 github.com/golang/protobuf@v1.2.0
github.com/prometheus/client_model@v0.0.0-20190129233127-fd36f4220a90 golang.org/x/sync@v0.0.0-20181108010431-42b317875d0f
github.com/Azure/go-autorest/autorest@v0.9.0 github.com/Azure/go-autorest/autorest/adal@v0.5.0
github.com/Azure/go-autorest/autorest@v0.9.0 github.com/Azure/go-autorest/autorest/mocks@v0.2.0
github.com/Azure/go-autorest/autorest@v0.9.0 github.com/Azure/go-autorest/logger@v0.1.0
github.com/Azure/go-autorest/autorest@v0.9.0 github.com/Azure/go-autorest/tracing@v0.5.0
github.com/Azure/go-autorest/autorest@v0.9.0 golang.org/x/crypto@v0.0.0-20190308221718-c2843e01d9a2
github.com/cespare/xxhash@v1.1.0 github.com/OneOfOne/xxhash@v1.2.2
github.com/cespare/xxhash@v1.1.0 github.com/spaolacci/murmur3@v0.0.0-20180118202830-f09979ecbc72
github.com/prometheus/client_model@v0.2.0 github.com/golang/protobuf@v1.2.0
github.com/prometheus/client_model@v0.2.0 golang.org/x/sync@v0.0.0-20181108010431-42b317875d0f
github.com/cpuguy83/go-md2man/v2@v2.0.0-20190314233015-f79a8a8ca69d github.com/pmezard/go-difflib@v1.0.0
github.com/cpuguy83/go-md2man/v2@v2.0.0-20190314233015-f79a8a8ca69d github.com/russross/blackfriday/v2@v2.0.1
github.com/cpuguy83/go-md2man/v2@v2.0.0-20190314233015-f79a8a8ca69d github.com/shurcooL/sanitized_anchor_name@v1.0.0
github.com/Azure/go-autorest/autorest/adal@v0.5.0 github.com/Azure/go-autorest/autorest/date@v0.1.0
github.com/Azure/go-autorest/autorest/adal@v0.5.0 github.com/Azure/go-autorest/autorest/mocks@v0.1.0
github.com/Azure/go-autorest/autorest/adal@v0.5.0 github.com/Azure/go-autorest/tracing@v0.5.0
github.com/Azure/go-autorest/autorest/adal@v0.5.0 github.com/dgrijalva/jwt-go@v3.2.0+incompatible
github.com/Azure/go-autorest/autorest/adal@v0.5.0 golang.org/x/crypto@v0.0.0-20190308221718-c2843e01d9a2
github.com/stretchr/testify@v1.3.0 github.com/davecgh/go-spew@v1.1.0
github.com/stretchr/testify@v1.3.0 github.com/pmezard/go-difflib@v1.0.0
github.com/stretchr/testify@v1.3.0 github.com/stretchr/objx@v0.1.0
github.com/prometheus/common@v0.9.1 github.com/alecthomas/units@v0.0.0-20190717042225-c3de453c63f4
github.com/leodido/go-urn@v1.2.0 github.com/stretchr/testify@v1.4.0
github.com/Azure/azure-pipeline-go@v0.2.1 github.com/mattn/go-ieproxy@v0.0.0-20190610004146-91bb50d98149
myLibrary/go-library/go@v0.0.0 gopkg.in/yaml.v1@v1.0.0-20140924161607-9f9df34309c0
myLibrary/go-library/go@v0.0.0 golang.org/x/text@v0.3.2
myLibrary/go-library/go@v0.0.0 golang.org/x/crypto@v0.0.0-20200302210943-78000ba7a073
myLibrary/go-library/go@v0.0.0 go.uber.org/atomic@v1.6.0
myLibrary/go-library/go@v0.0.0 github.com/wumansgy/goEncrypt@v0.0.0-20190822060801-cf9a6f8787e4
myLibrary/go-library/go@v0.0.0 github.com/valyala/fasthttp@v1.9.0
myLibrary/go-library/go@v0.0.0 github.com/tyler-smith/go-bip39@v1.0.2
myLibrary/go-library/go@v0.0.0 github.com/tyler-smith/go-bip32@v0.0.0
myLibrary/go-library/go@v0.0.0 github.com/tealeg/xlsx@v1.0.5
myLibrary/go-library/go@v0.0.0 github.com/stretchr/testify@v1.5.1
myLibrary/go-library/go@v0.0.0 github.com/smartystreets/goconvey@v1.6.4
myLibrary/go-library/go@v0.0.0 github.com/skip2/go-qrcode@v0.0.0-20191027152451-9434209cb086
myLibrary/go-library/go@v0.0.0 github.com/signintech/gopdf@v0.9.7
myLibrary/go-library/go@v0.0.0 github.com/shiena/ansicolor@v0.0.0-20151119151921-a422bbe96644
myLibrary/go-library/go@v0.0.0 github.com/satori/go.uuid@v1.2.0
myLibrary/go-library/go@v0.0.0 github.com/prometheus/common@v0.9.1
myLibrary/go-library/go@v0.0.0 github.com/pkg/errors@v0.9.1
myLibrary/go-library/go@v0.0.0 github.com/phpdave11/gofpdi@v1.0.11
myLibrary/go-library/go@v0.0.0 github.com/jinzhu/now@v1.1.1
myLibrary/go-library/go@v0.0.0 github.com/hyperledger/fabric-sdk-go@v1.0.0-beta2
myLibrary/go-library/go@v0.0.0 github.com/hyperledger/fabric-protos-go@v0.0.0-20200506201313-25f6564b9ac4
myLibrary/go-library/go@v0.0.0 github.com/hyperledger/fabric-chaincode-go@v0.0.0-20200511190512-bcfeb58dd83a
myLibrary/go-library/go@v0.0.0 github.com/hbakhtiyor/schnorr@v0.1.0
myLibrary/go-library/go@v0.0.0 github.com/gomodule/redigo@v2.0.0+incompatible
myLibrary/go-library/go@v0.0.0 github.com/gin-gonic/gin@v1.6.3
myLibrary/go-library/go@v0.0.0 github.com/ethereum/go-ethereum@v1.9.11
myLibrary/go-library/go@v0.0.0 github.com/emirpasic/gods@v1.12.0
myLibrary/go-library/go@v0.0.0 github.com/cmars/basen@v0.0.0-20150613233007-fe3947df716e
myLibrary/go-library/go@v0.0.0 github.com/astaxie/beego@v1.12.1
myLibrary/go-library/go@v0.0.0 github.com/SebastiaanKlippert/go-wkhtmltopdf@v1.5.0
myLibrary/go-library/go@v0.0.0 code.google.com/log4go@v0.0.0
